T1,CMGMM,ADWIN,45,0.1,1e-05,2,0.8362,0.8400272674816122,69.73884129524231,27
T1,CMGMM,ADWIN,45,0.1,1e-05,3,0.8066,0.813638997820786,70.03477501869202,21
T1,CMGMM,ADWIN,45,0.1,1e-05,4,0.5857333333333333,0.5920653948840736,68.83092927932739,10
T1,CMGMM,ADWIN,45,0.1,1e-05,5,0.4448666666666667,0.4508407204745739,68.90509676933289,3
T1,CMGMM,ADWIN,45,0.1,1e-05,6,0.4108,0.41713125709780746,67.40398836135864,0
T1,CMGMM,ADWIN,45,0.05,1e-05,2,0.8376666666666667,0.8427402184117979,69.75686740875244,25
T1,CMGMM,ADWIN,45,0.05,1e-05,3,0.7838,0.7853877082673119,69.89308166503906,19
T1,CMGMM,ADWIN,45,0.05,1e-05,4,0.5568,0.5640401518862047,69.89523816108704,9
T1,CMGMM,ADWIN,45,0.05,1e-05,5,0.44106666666666666,0.45717013672288087,66.06510543823242,3
T1,CMGMM,ADWIN,45,0.05,1e-05,6,0.4010666666666667,0.4155413773342064,67.06186294555664,0
T1,CMGMM,ADWIN,45,0.01,1e-05,2,0.8371333333333333,0.8427860817097119,69.98256659507751,26
T1,CMGMM,ADWIN,45,0.01,1e-05,3,0.8085333333333333,0.8157765928002845,71.49292159080505,23
T1,CMGMM,ADWIN,45,0.01,1e-05,4,0.5754,0.575705744874575,67.1671953201294,10
T1,CMGMM,ADWIN,45,0.01,1e-05,5,0.4576,0.4621109216232637,67.97264623641968,3
T1,CMGMM,ADWIN,45,0.01,1e-05,6,0.39086666666666664,0.39883754705681296,67.61294889450073,0
T1,CMGMM,ADWIN,45,0.005,1e-05,2,0.838,0.8431280696187887,69.72067952156067,27
T1,CMGMM,ADWIN,45,0.005,1e-05,3,0.8154,0.8215313541925596,69.06466698646545,22
T1,CMGMM,ADWIN,45,0.005,1e-05,4,0.5242,0.5312478847017198,67.27256107330322,7
T1,CMGMM,ADWIN,45,0.005,1e-05,5,0.4478,0.4505144398286536,68.0159420967102,4
T1,CMGMM,ADWIN,45,0.005,1e-05,6,0.4026,0.4124214756090288,67.02145957946777,0
T1,CMGMM,ADWIN,45,0.001,1e-05,2,0.8228666666666666,0.8284612033555413,69.26960039138794,24
T1,CMGMM,ADWIN,45,0.001,1e-05,3,0.8174,0.8243437872552231,69.81439542770386,20
T1,CMGMM,ADWIN,45,0.001,1e-05,4,0.5613333333333334,0.5645979083637749,68.9564356803894,8
T1,CMGMM,ADWIN,45,0.001,1e-05,5,0.4537333333333333,0.4621262887445701,66.960613489151,4
T1,CMGMM,ADWIN,45,0.001,1e-05,6,0.40786666666666666,0.41652052474130113,67.81058645248413,0
T1,CMGMM,ADWIN,45,0.0005,1e-05,2,0.838,0.8424089510706178,70.53738284111023,27
T1,CMGMM,ADWIN,45,0.0005,1e-05,3,0.8118666666666666,0.8184982824810629,68.50143146514893,20
T1,CMGMM,ADWIN,45,0.0005,1e-05,4,0.5858666666666666,0.6011754509055864,67.95701265335083,10
T1,CMGMM,ADWIN,45,0.0005,1e-05,5,0.44913333333333333,0.45924220436391583,68.79749536514282,2
T1,CMGMM,ADWIN,45,0.0005,1e-05,6,0.4105333333333333,0.4176775938530879,68.4608907699585,0
T1,CMGMM,ADWIN,45,0.0001,1e-05,2,0.8378666666666666,0.842337440126792,69.89396572113037,26
T1,CMGMM,ADWIN,45,0.0001,1e-05,3,0.8104666666666667,0.8173292494617692,69.94969582557678,23
T1,CMGMM,ADWIN,45,0.0001,1e-05,4,0.6182666666666666,0.6228744332469749,69.47673964500427,12
T1,CMGMM,ADWIN,45,0.0001,1e-05,5,0.46553333333333335,0.4670560723593293,67.54324769973755,4
T1,CMGMM,ADWIN,45,0.0001,1e-05,6,0.38326666666666664,0.39469146460308774,68.56954979896545,0
T1,CMGMM,ADWIN,50,0.1,1e-05,2,0.8401333333333333,0.8453722690430285,71.34712791442871,26
T1,CMGMM,ADWIN,50,0.1,1e-05,3,0.7724,0.775430072023153,69.18038558959961,18
T1,CMGMM,ADWIN,50,0.1,1e-05,4,0.5692,0.5852412560555182,68.42209196090698,9
T1,CMGMM,ADWIN,50,0.1,1e-05,5,0.46586666666666665,0.4683268941121067,69.00556945800781,4
T1,CMGMM,ADWIN,50,0.1,1e-05,6,0.4006,0.40620472686166853,66.97699117660522,0
T1,CMGMM,ADWIN,50,0.05,1e-05,2,0.8296666666666667,0.8360519138237089,69.59446239471436,26
T1,CMGMM,ADWIN,50,0.05,1e-05,3,0.8113333333333334,0.8175763413722674,69.42359828948975,20
T1,CMGMM,ADWIN,50,0.05,1e-05,4,0.5974,0.6106606161695033,69.19325757026672,9
T1,CMGMM,ADWIN,50,0.05,1e-05,5,0.46013333333333334,0.4600595139259359,66.54732179641724,2
T1,CMGMM,ADWIN,50,0.05,1e-05,6,0.39626666666666666,0.41039021213321875,68.1724841594696,0
T1,CMGMM,ADWIN,50,0.01,1e-05,2,0.8422666666666667,0.8473671836249659,68.0203366279602,28
T1,CMGMM,ADWIN,50,0.01,1e-05,3,0.8126,0.8189623178034321,69.38487648963928,23
T1,CMGMM,ADWIN,50,0.01,1e-05,4,0.5321333333333333,0.5373342981411489,68.98386478424072,9
T1,CMGMM,ADWIN,50,0.01,1e-05,5,0.4248,0.4432387553183373,66.03697037696838,3
T1,CMGMM,ADWIN,50,0.01,1e-05,6,0.4089333333333333,0.4123916720379984,66.99524521827698,0
T1,CMGMM,ADWIN,50,0.005,1e-05,2,0.8371333333333333,0.8431629226738874,68.9257881641388,26
T1,CMGMM,ADWIN,50,0.005,1e-05,3,0.8174,0.8234444198742971,69.40293836593628,21
T1,CMGMM,ADWIN,50,0.005,1e-05,4,0.5834666666666667,0.5844591947889232,69.2449119091034,10
T1,CMGMM,ADWIN,50,0.005,1e-05,5,0.4619333333333333,0.46318583686652637,69.45181465148926,2
T1,CMGMM,ADWIN,50,0.005,1e-05,6,0.3944,0.4069948079376325,67.17303156852722,0
T1,CMGMM,ADWIN,50,0.001,1e-05,2,0.8047333333333333,0.8031775048568661,68.64000630378723,24
T1,CMGMM,ADWIN,50,0.001,1e-05,3,0.8118,0.8174488711827387,69.4863064289093,22
T1,CMGMM,ADWIN,50,0.001,1e-05,4,0.5234,0.5331212336431468,68.30816054344177,7
T1,CMGMM,ADWIN,50,0.001,1e-05,5,0.4580666666666667,0.463094256324846,69.3595061302185,5
T1,CMGMM,ADWIN,50,0.001,1e-05,6,0.39566666666666667,0.4052392615270045,66.53415775299072,0
T1,CMGMM,ADWIN,50,0.0005,1e-05,2,0.8449333333333333,0.8492010995341917,69.91664123535156,26
T1,CMGMM,ADWIN,50,0.0005,1e-05,3,0.8131333333333334,0.8205722668647544,69.81660771369934,21
T1,CMGMM,ADWIN,50,0.0005,1e-05,4,0.5234666666666666,0.5291050454697619,67.90423965454102,8
T1,CMGMM,ADWIN,50,0.0005,1e-05,5,0.4582,0.46331223691308715,68.00200033187866,3
T1,CMGMM,ADWIN,50,0.0005,1e-05,6,0.4122,0.41271798196366755,68.52695560455322,0
T1,CMGMM,ADWIN,50,0.0001,1e-05,2,0.8374666666666667,0.8425017298695301,70.09589862823486,26
T1,CMGMM,ADWIN,50,0.0001,1e-05,3,0.7719333333333334,0.7788743437865335,68.95030570030212,19
T1,CMGMM,ADWIN,50,0.0001,1e-05,4,0.5848666666666666,0.5921716442873283,69.70380592346191,9
T1,CMGMM,ADWIN,50,0.0001,1e-05,5,0.4351333333333333,0.4361825479056749,67.85193157196045,2
T1,CMGMM,ADWIN,50,0.0001,1e-05,6,0.40353333333333335,0.40137542101150525,67.27527070045471,0
T1,CMGMM,ADWIN,75,0.1,1e-05,2,0.8441333333333333,0.8514937833095424,70.26560711860657,26
T1,CMGMM,ADWIN,75,0.1,1e-05,3,0.7879333333333334,0.7933921100747007,69.66991996765137,20
T1,CMGMM,ADWIN,75,0.1,1e-05,4,0.5602666666666667,0.5746534444799121,69.75581693649292,8
T1,CMGMM,ADWIN,75,0.1,1e-05,5,0.45493333333333336,0.4642478900959435,68.1470959186554,2
T1,CMGMM,ADWIN,75,0.1,1e-05,6,0.4090666666666667,0.41086641132769425,67.1543755531311,0
T1,CMGMM,ADWIN,75,0.05,1e-05,2,0.8413333333333334,0.8460477027844717,70.26866793632507,25
T1,CMGMM,ADWIN,75,0.05,1e-05,3,0.7796666666666666,0.7819324206500027,70.00684714317322,19
T1,CMGMM,ADWIN,75,0.05,1e-05,4,0.5688666666666666,0.5854601309469302,69.27817702293396,10
T1,CMGMM,ADWIN,75,0.05,1e-05,5,0.4597333333333333,0.46498172766356893,67.83750414848328,2
T1,CMGMM,ADWIN,75,0.05,1e-05,6,0.39913333333333334,0.4074003762426942,67.60324263572693,0
T1,CMGMM,ADWIN,75,0.01,1e-05,2,0.8430666666666666,0.8483099707079025,69.19748020172119,27
T1,CMGMM,ADWIN,75,0.01,1e-05,3,0.7163333333333334,0.7216816066968497,68.86544704437256,17
T1,CMGMM,ADWIN,75,0.01,1e-05,4,0.5926666666666667,0.5910507684921725,68.63951873779297,11
T1,CMGMM,ADWIN,75,0.01,1e-05,5,0.44666666666666666,0.4460713412758301,67.66865992546082,3
T1,CMGMM,ADWIN,75,0.01,1e-05,6,0.41133333333333333,0.41463502507672756,67.7416181564331,0
T1,CMGMM,ADWIN,75,0.005,1e-05,2,0.8352666666666667,0.8409283952793861,70.03917121887207,25
T1,CMGMM,ADWIN,75,0.005,1e-05,3,0.8086,0.8154832521498127,69.14518785476685,21
T1,CMGMM,ADWIN,75,0.005,1e-05,4,0.5816666666666667,0.5988347565645078,68.41861462593079,10
T1,CMGMM,ADWIN,75,0.005,1e-05,5,0.43806666666666666,0.4418049803671969,67.93200421333313,2
T1,CMGMM,ADWIN,75,0.005,1e-05,6,0.3989333333333333,0.40723684232688273,67.29635334014893,0
T1,CMGMM,ADWIN,75,0.001,1e-05,2,0.8376666666666667,0.8424692619679044,69.2769672870636,24
T1,CMGMM,ADWIN,75,0.001,1e-05,3,0.8057333333333333,0.8127870034730046,69.98051238059998,21
T1,CMGMM,ADWIN,75,0.001,1e-05,4,0.5571333333333334,0.5654128021401551,68.62335062026978,9
T1,CMGMM,ADWIN,75,0.001,1e-05,5,0.4447333333333333,0.44888895658961053,68.86437606811523,2
T1,CMGMM,ADWIN,75,0.001,1e-05,6,0.3920666666666667,0.3974322891735217,66.5032708644867,0
T1,CMGMM,ADWIN,75,0.0005,1e-05,2,0.8494,0.8547894233438698,69.19922375679016,25
T1,CMGMM,ADWIN,75,0.0005,1e-05,3,0.7773333333333333,0.7813383744429389,70.03184533119202,19
T1,CMGMM,ADWIN,75,0.0005,1e-05,4,0.5302,0.5423120061234968,69.68482494354248,8
T1,CMGMM,ADWIN,75,0.0005,1e-05,5,0.4434,0.4462305657900069,67.17408466339111,3
T1,CMGMM,ADWIN,75,0.0005,1e-05,6,0.40246666666666664,0.41829655201162325,67.89237380027771,0
T1,CMGMM,ADWIN,75,0.0001,1e-05,2,0.8408,0.8450706705063403,70.25528359413147,28
T1,CMGMM,ADWIN,75,0.0001,1e-05,3,0.7746,0.7792734494807517,69.61641716957092,20
T1,CMGMM,ADWIN,75,0.0001,1e-05,4,0.5358,0.5560654633643479,67.74232220649719,7
T1,CMGMM,ADWIN,75,0.0001,1e-05,5,0.44533333333333336,0.44617530066865924,68.3622624874115,2
T1,CMGMM,ADWIN,75,0.0001,1e-05,6,0.39466666666666667,0.4073391860194869,67.9367790222168,0
